
██████████████████████████████████████████████████
█  RUN 1/5
██████████████████████████████████████████████████

╔══════════════════════════════════════════════════════════╗
║  TURINGVAULT MULTI-AGENT CYCLE                          ║
╚══════════════════════════════════════════════════════════╝

📊 [STEP 1] Fetching unified market intelligence (5 sources)...
   ETH: $2137.7 | Sentiment: neutral | F&G: 29
   Nansen: fallback | Byreal: 0 signals | TVL: $0M

🧠 [STEP 2] Multi-agent consensus process...
  [EVOLUTION] Loaded evolved prompt v2.1.0 from IPFS
  [EVOLUTION] Using evolved prompt v2.1.0
  [ANALYST] Analyzing market data... (model: zai.glm-5)
  [PARSE] Recovered YAML-like response from model (4 fields)

   ANALYST: undefined undefined (NaN%)
   VALIDATOR: ❌ (NaN% conf, risk=undefined)
   CONSENSUS: ❌ BLOCKED

📁 [STEP 3] Uploading Proof-of-Reasoning to IPFS...
   ✅ IPFS: ipfs://QmaVcYo2y7UP2GdrhEqFSnw9NWMP8EG2LWmPMjcfQqYguF
🛡️  [STEP 3.5] Pre-Action Validation Check...
   Request hash: 0x2be99b70063c91ac...
   Validator confidence: NaN%
   Pre-Action Score: 0/100 — ❌ BLOCKED

   ⛔ ACTION BLOCKED by Pre-Action Check. Recording rejection only.
⛓️  [STEP 4] Recording on-chain...
   ✅ Proposal #20 submitted (tx: 0x6dabcb82b2472b78...)
   ✅ Validation recorded (tx: 0xa6e0f17f5bedffc5...)
   ✅ Decision logged to DecisionLog
   ✅ Reputation updated: +0 (hold_mUSD_conf0)

╔══════════════════════════════════════════════════════════╗
║  CYCLE COMPLETE                                         ║
╠══════════════════════════════════════════════════════════╣
║  Consensus: BLOCKED ❌                                ║
║  Registry stats: 1 approved / 20 rejected            ║
╚══════════════════════════════════════════════════════════╝

>>> Cycle 1: consensus=false (approved so far: 0)

██████████████████████████████████████████████████
█  RUN 2/5
██████████████████████████████████████████████████

╔══════════════════════════════════════════════════════════╗
║  TURINGVAULT MULTI-AGENT CYCLE                          ║
╚══════════════════════════════════════════════════════════╝

📊 [STEP 1] Fetching unified market intelligence (5 sources)...
   ETH: $2137.7 | Sentiment: neutral | F&G: 29
   Nansen: fallback | Byreal: 0 signals | TVL: $0M

🧠 [STEP 2] Multi-agent consensus process...
  [EVOLUTION] Using evolved prompt v2.1.0
  [ANALYST] Analyzing market data... (model: zai.glm-5)
  [PARSE] Recovered YAML-like response from model (4 fields)

   ANALYST: undefined undefined (NaN%)
   VALIDATOR: ❌ (NaN% conf, risk=undefined)
   CONSENSUS: ❌ BLOCKED

📁 [STEP 3] Uploading Proof-of-Reasoning to IPFS...
   ✅ IPFS: ipfs://QmZu5N5j2GRKarKE2eU9Y24M2TcvYJohAn7f9Rwgq4QRh8
🛡️  [STEP 3.5] Pre-Action Validation Check...
   Request hash: 0x9bf81d227e07b695...
   Validator confidence: NaN%
   Pre-Action Score: 0/100 — ❌ BLOCKED

   ⛔ ACTION BLOCKED by Pre-Action Check. Recording rejection only.
⛓️  [STEP 4] Recording on-chain...
   ✅ Proposal #21 submitted (tx: 0xd26eae3f55e31ae7...)
   ✅ Validation recorded (tx: 0xf550c10a4ebd6621...)
   ✅ Decision logged to DecisionLog
   ✅ Reputation updated: +0 (hold_mUSD_conf0)

╔══════════════════════════════════════════════════════════╗
║  CYCLE COMPLETE                                         ║
╠══════════════════════════════════════════════════════════╣
║  Consensus: BLOCKED ❌                                ║
║  Registry stats: 1 approved / 21 rejected            ║
╚══════════════════════════════════════════════════════════╝

>>> Cycle 2: consensus=false (approved so far: 0)

██████████████████████████████████████████████████
█  RUN 3/5
██████████████████████████████████████████████████

╔══════════════════════════════════════════════════════════╗
║  TURINGVAULT MULTI-AGENT CYCLE                          ║
╚══════════════════════════════════════════════════════════╝

📊 [STEP 1] Fetching unified market intelligence (5 sources)...
   ETH: $2137.7 | Sentiment: neutral | F&G: 29
   Nansen: fallback | Byreal: 0 signals | TVL: $0M

🧠 [STEP 2] Multi-agent consensus process...
  [EVOLUTION] Using evolved prompt v2.1.0
  [ANALYST] Analyzing market data... (model: zai.glm-5)
  [PARSE] Recovered YAML-like response from model (4 fields)

   ANALYST: undefined undefined (NaN%)
   VALIDATOR: ❌ (NaN% conf, risk=undefined)
   CONSENSUS: ❌ BLOCKED

📁 [STEP 3] Uploading Proof-of-Reasoning to IPFS...
   ✅ IPFS: ipfs://QmXLiPQ7bnQn8NMwSnTtV9rtT4iaZmbN5oBF9YjVAMC8Kc
🛡️  [STEP 3.5] Pre-Action Validation Check...
   Request hash: 0xa8ea8cee6e1fc6e8...
   Validator confidence: NaN%
   Pre-Action Score: 0/100 — ❌ BLOCKED

   ⛔ ACTION BLOCKED by Pre-Action Check. Recording rejection only.
⛓️  [STEP 4] Recording on-chain...
   ✅ Proposal #22 submitted (tx: 0x97b07f5282a6f99c...)
   ✅ Validation recorded (tx: 0x41ff033a2f11e76d...)
   ✅ Decision logged to DecisionLog
   ✅ Reputation updated: +0 (hold_mUSD_conf0)

╔══════════════════════════════════════════════════════════╗
║  CYCLE COMPLETE                                         ║
╠══════════════════════════════════════════════════════════╣
║  Consensus: BLOCKED ❌                                ║
║  Registry stats: 1 approved / 22 rejected            ║
╚══════════════════════════════════════════════════════════╝

>>> Cycle 3: consensus=false (approved so far: 0)

██████████████████████████████████████████████████
█  RUN 4/5
██████████████████████████████████████████████████

╔══════════════════════════════════════════════════════════╗
║  TURINGVAULT MULTI-AGENT CYCLE                          ║
╚══════════════════════════════════════════════════════════╝

📊 [STEP 1] Fetching unified market intelligence (5 sources)...
   ETH: $2137.7 | Sentiment: neutral | F&G: 29
   Nansen: fallback | Byreal: 0 signals | TVL: $0M

🧠 [STEP 2] Multi-agent consensus process...
  [EVOLUTION] Using evolved prompt v2.1.0
  [ANALYST] Analyzing market data... (model: zai.glm-5)
  [PARSE] Recovered YAML-like response from model (4 fields)

   ANALYST: undefined undefined (NaN%)
   VALIDATOR: ❌ (NaN% conf, risk=undefined)
   CONSENSUS: ❌ BLOCKED

📁 [STEP 3] Uploading Proof-of-Reasoning to IPFS...
   ✅ IPFS: ipfs://QmYQV93ZDWR34Wu5HHMxDFMWN6JhspuiD2vXk5n9r6dqy6
🛡️  [STEP 3.5] Pre-Action Validation Check...
   Request hash: 0x80da648852604b40...
   Validator confidence: NaN%
   Pre-Action Score: 0/100 — ❌ BLOCKED

   ⛔ ACTION BLOCKED by Pre-Action Check. Recording rejection only.
⛓️  [STEP 4] Recording on-chain...
   ✅ Proposal #23 submitted (tx: 0xa52bfb62866a4707...)
   ✅ Validation recorded (tx: 0xf0d9e06ecf52c5eb...)
   ✅ Decision logged to DecisionLog
   ✅ Reputation updated: +0 (hold_mUSD_conf0)

╔══════════════════════════════════════════════════════════╗
║  CYCLE COMPLETE                                         ║
╠══════════════════════════════════════════════════════════╣
║  Consensus: BLOCKED ❌                                ║
║  Registry stats: 1 approved / 23 rejected            ║
╚══════════════════════════════════════════════════════════╝

>>> Cycle 4: consensus=false (approved so far: 0)

██████████████████████████████████████████████████
█  RUN 5/5
██████████████████████████████████████████████████

╔══════════════════════════════════════════════════════════╗
║  TURINGVAULT MULTI-AGENT CYCLE                          ║
╚══════════════════════════════════════════════════════════╝

📊 [STEP 1] Fetching unified market intelligence (5 sources)...
   ETH: $2137.7 | Sentiment: neutral | F&G: 29
   Nansen: fallback | Byreal: 0 signals | TVL: $0M

🧠 [STEP 2] Multi-agent consensus process...
  [EVOLUTION] Using evolved prompt v2.1.0
  [ANALYST] Analyzing market data... (model: zai.glm-5)
  [PARSE] Recovered YAML-like response from model (4 fields)

   ANALYST: undefined undefined (NaN%)
   VALIDATOR: ❌ (NaN% conf, risk=undefined)
   CONSENSUS: ❌ BLOCKED

📁 [STEP 3] Uploading Proof-of-Reasoning to IPFS...
   ✅ IPFS: ipfs://QmS3kuPDio8eqigoobDLuEcZ59o292XRNbrSfUMYyM2ued
🛡️  [STEP 3.5] Pre-Action Validation Check...
   Request hash: 0x7d5fbefd9a59dc52...
   Validator confidence: NaN%
   Pre-Action Score: 0/100 — ❌ BLOCKED

   ⛔ ACTION BLOCKED by Pre-Action Check. Recording rejection only.
⛓️  [STEP 4] Recording on-chain...
   ✅ Proposal #24 submitted (tx: 0x5099e56fc8bfabe4...)
   ✅ Validation recorded (tx: 0x2bf0638ce18b1789...)
   ✅ Decision logged to DecisionLog
   ✅ Reputation updated: +0 (hold_mUSD_conf0)

╔══════════════════════════════════════════════════════════╗
║  CYCLE COMPLETE                                         ║
╠══════════════════════════════════════════════════════════╣
║  Consensus: BLOCKED ❌                                ║
║  Registry stats: 1 approved / 24 rejected            ║
╚══════════════════════════════════════════════════════════╝

>>> Cycle 5: consensus=false (approved so far: 0)


=== BATCH COMPLETE: 0 approved, 0 failed out of 5 ===
