

████████████████████████████████████████████████████████████
█  BATCH RUN 1/5
████████████████████████████████████████████████████████████

╔══════════════════════════════════════════════════════════╗
║  TURINGVAULT MULTI-AGENT CYCLE                          ║
╚══════════════════════════════════════════════════════════╝

📊 [STEP 1] Fetching unified market intelligence (5 sources)...
   ETH: $2138.42 | Sentiment: neutral | F&G: 29
   Nansen: fallback | Byreal: 0 signals | TVL: $0M

🧠 [STEP 2] Multi-agent consensus process...
  [EVOLUTION] Loaded evolved prompt v2.1.0 from IPFS
  [EVOLUTION] Using evolved prompt v2.1.0
  [ANALYST] Analyzing market data... (model: zai.glm-5)
>>> Cycle 1 FAILED: Unexpected token 'a', "action: sw"... is not valid JSON


████████████████████████████████████████████████████████████
█  BATCH RUN 2/5
████████████████████████████████████████████████████████████

╔══════════════════════════════════════════════════════════╗
║  TURINGVAULT MULTI-AGENT CYCLE                          ║
╚══════════════════════════════════════════════════════════╝

📊 [STEP 1] Fetching unified market intelligence (5 sources)...
   ETH: $2138.42 | Sentiment: neutral | F&G: 29
   Nansen: fallback | Byreal: 0 signals | TVL: $0M

🧠 [STEP 2] Multi-agent consensus process...
  [EVOLUTION] Using evolved prompt v2.1.0
  [ANALYST] Analyzing market data... (model: zai.glm-5)
>>> Cycle 2 FAILED: Unexpected token 'a', "action: sw"... is not valid JSON


████████████████████████████████████████████████████████████
█  BATCH RUN 3/5
████████████████████████████████████████████████████████████

╔══════════════════════════════════════════════════════════╗
║  TURINGVAULT MULTI-AGENT CYCLE                          ║
╚══════════════════════════════════════════════════════════╝

📊 [STEP 1] Fetching unified market intelligence (5 sources)...
   ETH: $2138.42 | Sentiment: neutral | F&G: 29
   Nansen: fallback | Byreal: 0 signals | TVL: $0M

🧠 [STEP 2] Multi-agent consensus process...
  [EVOLUTION] Using evolved prompt v2.1.0
  [ANALYST] Analyzing market data... (model: zai.glm-5)
>>> Cycle 3 FAILED: Unexpected token 'a', "action: sw"... is not valid JSON


████████████████████████████████████████████████████████████
█  BATCH RUN 4/5
████████████████████████████████████████████████████████████

╔══════════════════════════════════════════════════════════╗
║  TURINGVAULT MULTI-AGENT CYCLE                          ║
╚══════════════════════════════════════════════════════════╝

📊 [STEP 1] Fetching unified market intelligence (5 sources)...
   ETH: $2138.42 | Sentiment: neutral | F&G: 29
   Nansen: fallback | Byreal: 0 signals | TVL: $0M

🧠 [STEP 2] Multi-agent consensus process...
  [EVOLUTION] Using evolved prompt v2.1.0
  [ANALYST] Analyzing market data... (model: zai.glm-5)
>>> Cycle 4 FAILED: Unexpected token 'a', "action: sw"... is not valid JSON


████████████████████████████████████████████████████████████
█  BATCH RUN 5/5
████████████████████████████████████████████████████████████

╔══════════════════════════════════════════════════════════╗
║  TURINGVAULT MULTI-AGENT CYCLE                          ║
╚══════════════════════════════════════════════════════════╝

📊 [STEP 1] Fetching unified market intelligence (5 sources)...
   ETH: $2138.42 | Sentiment: neutral | F&G: 29
   Nansen: fallback | Byreal: 0 signals | TVL: $0M

🧠 [STEP 2] Multi-agent consensus process...
  [EVOLUTION] Using evolved prompt v2.1.0
  [ANALYST] Analyzing market data... (model: zai.glm-5)
>>> Cycle 5 FAILED: Unexpected token 'a', "action: sw"... is not valid JSON
