╔══════════════════════════════════════════════════════════╗
║  TURINGVAULT MULTI-AGENT ORCHESTRATOR — STARTING        ║
║  Interval: every 5 minutes                              ║
║  Network:  Mantle Mainnet                               ║
╚══════════════════════════════════════════════════════════╝
Started: 2026-05-20T08:47:56.659Z


[Cycle #1] 2026-05-20T08:47:56.660Z

╔══════════════════════════════════════════════════════════╗
║  TURINGVAULT MULTI-AGENT CYCLE                          ║
╚══════════════════════════════════════════════════════════╝

📊 [STEP 1] Fetching real market data...
[Nansen] Fetching smart money netflows...
Orchestrator running. Press Ctrl+C to stop.

[Nansen] API failed: HTTP 403: {"error": "Insufficient credits", "detail": "Insufficient credits remaining to call this endpoint."}
   ETH: $2133.91 | Sentiment: bearish | F&G: 27
   mETH Yield: 0.34% | Nansen: n/a | TVL: $210M

🧠 [STEP 2] Multi-agent consensus process...
  [ANALYST] Analyzing market data...

   ANALYST: undefined undefined (NaN%)
   VALIDATOR: ❌ (NaN% conf, risk=undefined)
   CONSENSUS: ❌ BLOCKED

⛓️  [STEP 3] Recording on-chain...
   ✅ Proposal #20 submitted (tx: 0xf359bd6f2248ba3b...)
   ✅ Validation recorded (tx: 0x5cc5c77cae9bbcac...)
   ✅ Decision logged to DecisionLog

╔══════════════════════════════════════════════════════════╗
║  CYCLE COMPLETE                                         ║
╠══════════════════════════════════════════════════════════╣
║  Consensus: BLOCKED ❌                                ║
║  Registry stats: 5 approved / 15 rejected            ║
╚══════════════════════════════════════════════════════════╝

[Stats] Total: 1 | Approved: 0 | Rejected: 1 | Rate: 0%

[Cycle #2] 2026-05-20T08:50:00.085Z

╔══════════════════════════════════════════════════════════╗
║  TURINGVAULT MULTI-AGENT CYCLE                          ║
╚══════════════════════════════════════════════════════════╝

📊 [STEP 1] Fetching real market data...
[Nansen] Fetching smart money netflows...
[Nansen] API failed: HTTP 403: {"error": "Insufficient credits", "detail": "Insufficient credits remaining to call this endpoint."}
   ETH: $2133.34 | Sentiment: bearish | F&G: 27
   mETH Yield: 0.34% | Nansen: n/a | TVL: $208M

🧠 [STEP 2] Multi-agent consensus process...
  [ANALYST] Analyzing market data...
  [VALIDATOR] Verifying proposal...

   ANALYST: swap mUSD (91%)
   VALIDATOR: ✅ (81% conf, risk=28)
   CONSENSUS: ✅ REACHED

⛓️  [STEP 3] Recording on-chain...
   ✅ Proposal #21 submitted (tx: 0x93a49489e8443a1f...)
   ✅ Validation recorded (tx: 0xeb5f3e9f698e6031...)
   ✅ Decision logged to DecisionLog

╔══════════════════════════════════════════════════════════╗
║  CYCLE COMPLETE                                         ║
╠══════════════════════════════════════════════════════════╣
║  Consensus: APPROVED ✅                               ║
║  Registry stats: 6 approved / 15 rejected            ║
╚══════════════════════════════════════════════════════════╝

[Stats] Total: 2 | Approved: 1 | Rejected: 1 | Rate: 50%
