=== Grid Bot Cycle ===

TypeError: Cannot read properties of undefined (reading '0')
    at LiveGridBot.getMntPrice (/root/turingvault/src/strategies/liveGridBot.js:108:36)
    at process.processTicksAndRejections (node:internal/process/task_queues:103:5)
    at async LiveGridBot.runCycle (/root/turingvault/src/strategies/liveGridBot.js:205:22)
    at async /root/turingvault/src/strategies/liveGridBot.js:309:22
=== Grid Bot Cycle ===

{
  "timestamp": "2026-05-22T08:35:02.851Z",
  "cycle": 4,
  "balances": {
    "WMNT": 1.2013150359188818,
    "USDT": 0.674705,
    "MNT": 3.227425170990035
  },
  "mntPrice": 0.675928,
  "portfolioUsd": 1.4867074695985778,
  "signal": "HOLD",
  "reason": "Price at 44% of channel (HOLD zone 30-70%). Wait for edge near support ($2117.84) or resistance ($2140.82)",
  "confidence": 0.5,
  "channel": {
    "support": 2117.84,
    "resistance": 2140.82,
    "position": 0.44
  },
  "executed": {
    "skipped": true,
    "reason": "Signal: HOLD (conf: 0.50)"
  }
}
=== Grid Bot Cycle ===

  → Executing BUY_WMNT: $0.5398 USDT → WMNT
{
  "timestamp": "2026-05-22T08:40:03.437Z",
  "cycle": 5,
  "balances": {
    "WMNT": 1.2013150359188818,
    "USDT": 0.674705,
    "MNT": 3.227425170990035
  },
  "mntPrice": 0.675928,
  "portfolioUsd": 1.4867074695985778,
  "signal": "BUY_mETH",
  "reason": "Price at 24% of channel (BUY zone, support $2117.84). R:R = 0.55%/0.30% = 1.8:1",
  "confidence": 0.6804503123810253,
  "channel": {
    "support": 2117.84,
    "resistance": 2140.82,
    "position": 0.24
  },
  "executed": {
    "timestamp": "2026-05-22T08:40:11.826Z",
    "direction": "BUY_WMNT",
    "inputAmount": 0.539764,
    "outputAmount": 0.801115842057281,
    "txHash": "0x08b20823f3ca26423d1bf166f8a0e89630a3f55cc614ee7745ab6dec4c310c90",
    "blockNumber": 95654448,
    "gasUsedMNT": 0.0084435668871,
    "priceImpact": 0.015271191862947557
  }
}
=== Grid Bot Cycle ===

{
  "timestamp": "2026-05-22T08:45:05.191Z",
  "cycle": 6,
  "balances": {
    "WMNT": 2.0024307027611514,
    "USDT": 0.134941,
    "MNT": 3.2170695807264855
  },
  "mntPrice": 0.675928,
  "portfolioUsd": 1.4884399800559396,
  "signal": "HOLD",
  "reason": "Already IN_mETH since $2123.3345036429682 (1 cycles). Waiting for take-profit at $2135.08 or stop at $2116.96.",
  "confidence": 0.7174064726658618,
  "channel": {
    "support": 2117.84,
    "resistance": 2140.82,
    "position": 0.17
  },
  "executed": {
    "skipped": true,
    "reason": "Signal: HOLD (conf: 0.72)"
  }
}
=== Grid Bot Cycle ===

{
  "timestamp": "2026-05-22T08:50:02.861Z",
  "cycle": 7,
  "balances": {
    "WMNT": 2.0024307027611514,
    "USDT": 0.134941,
    "MNT": 3.2170695807264855
  },
  "mntPrice": 0.675032,
  "portfolioUsd": 1.4866458021462654,
  "signal": "HOLD",
  "reason": "Already IN_mETH since $2123.3345036429682 (2 cycles). Waiting for take-profit at $2135.08 or stop at $2116.96.",
  "confidence": 0.721328593707285,
  "channel": {
    "support": 2117.84,
    "resistance": 2140.82,
    "position": 0.16
  },
  "executed": {
    "skipped": true,
    "reason": "Signal: HOLD (conf: 0.72)"
  }
}
=== Grid Bot Cycle ===

{
  "timestamp": "2026-05-22T08:55:03.846Z",
  "cycle": 8,
  "balances": {
    "WMNT": 2.0024307027611514,
    "USDT": 0.134941,
    "MNT": 3.2170695807264855
  },
  "mntPrice": 0.673918,
  "portfolioUsd": 1.4844150943433896,
  "signal": "HOLD",
  "reason": "Already IN_mETH since $2123.3345036429682 (3 cycles). Waiting for take-profit at $2135.08 or stop at $2116.96.",
  "confidence": 0.70527588395411,
  "channel": {
    "support": 2117.84,
    "resistance": 2140.82,
    "position": 0.19
  },
  "executed": {
    "skipped": true,
    "reason": "Signal: HOLD (conf: 0.71)"
  }
}
=== Grid Bot Cycle ===

{
  "timestamp": "2026-05-22T09:00:05.099Z",
  "cycle": 9,
  "balances": {
    "WMNT": 2.0024307027611514,
    "USDT": 0.134941,
    "MNT": 3.2170695807264855
  },
  "mntPrice": 0.673918,
  "portfolioUsd": 1.4844150943433896,
  "signal": "HOLD",
  "reason": "Already IN_mETH since $2123.3345036429682 (4 cycles). Waiting for take-profit at $2135.08 or stop at $2116.96.",
  "confidence": 0.7320214053056004,
  "channel": {
    "support": 2117.84,
    "resistance": 2140.82,
    "position": 0.14
  },
  "executed": {
    "skipped": true,
    "reason": "Signal: HOLD (conf: 0.73)"
  }
}
=== Grid Bot Cycle ===

{
  "timestamp": "2026-05-22T09:05:04.307Z",
  "cycle": 10,
  "balances": {
    "WMNT": 2.0024307027611514,
    "USDT": 0.134941,
    "MNT": 3.2170695807264855
  },
  "mntPrice": 0.673918,
  "portfolioUsd": 1.4844150943433896,
  "signal": "HOLD",
  "reason": "Already IN_mETH since $2123.3345036429682 (5 cycles). Waiting for take-profit at $2135.08 or stop at $2116.96.",
  "confidence": 0.7407816075597933,
  "channel": {
    "support": 2117.84,
    "resistance": 2140.82,
    "position": 0.12
  },
  "executed": {
    "skipped": true,
    "reason": "Signal: HOLD (conf: 0.74)"
  }
}
=== Grid Bot Cycle ===

{
  "timestamp": "2026-05-22T09:10:05.115Z",
  "cycle": 11,
  "balances": {
    "WMNT": 2.0024307027611514,
    "USDT": 0.134941,
    "MNT": 3.2170695807264855
  },
  "mntPrice": 0.673778,
  "portfolioUsd": 1.484134754045003,
  "signal": "HOLD",
  "reason": "Already IN_mETH since $2123.3345036429682 (6 cycles). Waiting for take-profit at $2135.08 or stop at $2116.96.",
  "confidence": 0.7711251068629241,
  "channel": {
    "support": 2117.84,
    "resistance": 2140.82,
    "position": 0.06
  },
  "executed": {
    "skipped": true,
    "reason": "Signal: HOLD (conf: 0.77)"
  }
}
=== Grid Bot Cycle ===

{
  "timestamp": "2026-05-22T09:15:08.182Z",
  "cycle": 12,
  "balances": {
    "WMNT": 2.0024307027611514,
    "USDT": 0.134941,
    "MNT": 3.2170695807264855
  },
  "mntPrice": 0.673778,
  "portfolioUsd": 1.484134754045003,
  "signal": "HOLD",
  "reason": "Already IN_mETH since $2123.3345036429682 (7 cycles). Waiting for take-profit at $2135.08 or stop at $2116.96.",
  "confidence": 0.7787681127214694,
  "channel": {
    "support": 2117.84,
    "resistance": 2140.82,
    "position": 0.04
  },
  "executed": {
    "skipped": true,
    "reason": "Signal: HOLD (conf: 0.78)"
  }
}
=== Grid Bot Cycle ===

  → Executing BUY_WMNT: $0.1080 USDT → WMNT
{
  "timestamp": "2026-05-22T09:20:11.157Z",
  "cycle": 13,
  "balances": {
    "WMNT": 2.0024307027611514,
    "USDT": 0.134941,
    "MNT": 3.000117570155026
  },
  "mntPrice": 0.673778,
  "portfolioUsd": 1.484134754045003,
  "signal": "BUY_mETH",
  "reason": "Price at 1% of channel (BUY zone, support $2117.84). R:R = 0.80%/0.32% = 2.5:1",
  "confidence": 0.7931532994460739,
  "channel": {
    "support": 2117.84,
    "resistance": 2140.82,
    "position": 0.01
  },
  "executed": {
    "timestamp": "2026-05-22T09:20:26.874Z",
    "direction": "BUY_WMNT",
    "inputAmount": 0.10795280000000002,
    "outputAmount": 0.1608131708471144,
    "txHash": "0xaa5e80203e5ab427a6ccfbba58df1270a4de2a1af3f9b1ec8a59cbb8aace8a1c",
    "blockNumber": 95655656,
    "gasUsedMNT": 0.0064078628157,
    "priceImpact": 0.028847879135302058
  }
}
=== Grid Bot Cycle ===

{
  "timestamp": "2026-05-22T09:25:06.107Z",
  "cycle": 14,
  "balances": {
    "WMNT": 2.163243873608249,
    "USDT": 0.026989,
    "MNT": 2.683914348987772
  },
  "mntPrice": 0.673778,
  "portfolioUsd": 1.4845351306720187,
  "signal": "BUY_mETH",
  "reason": "Price at 11% of channel (BUY zone, support $2117.84). R:R = 0.70%/0.30% = 2.3:1",
  "confidence": 0.7460333309585021,
  "channel": {
    "support": 2117.84,
    "resistance": 2140.82,
    "position": 0.11
  },
  "executed": {
    "skipped": true,
    "reason": "USDT too low: $0.0216"
  }
}
=== Grid Bot Cycle ===

{
  "timestamp": "2026-05-22T09:30:04.553Z",
  "cycle": 15,
  "balances": {
    "WMNT": 2.163243873608249,
    "USDT": 0.026989,
    "MNT": 2.4106554055729164
  },
  "mntPrice": 0.67364,
  "portfolioUsd": 1.4842366030174607,
  "signal": "BUY_mETH",
  "reason": "Price at 11% of channel (BUY zone, support $2117.84). R:R = 0.69%/0.30% = 2.3:1",
  "confidence": 0.7434145528452898,
  "channel": {
    "support": 2117.84,
    "resistance": 2140.82,
    "position": 0.11
  },
  "executed": {
    "skipped": true,
    "reason": "USDT too low: $0.0216"
  }
}
=== Grid Bot Cycle ===

{
  "timestamp": "2026-05-22T09:35:07.482Z",
  "cycle": 16,
  "balances": {
    "WMNT": 2.163243873608249,
    "USDT": 0.026989,
    "MNT": 2.345101274387542
  },
  "mntPrice": 0.67364,
  "portfolioUsd": 1.4842366030174607,
  "signal": "BUY_mETH",
  "reason": "Price at 5% of channel (BUY zone, support $2117.84). R:R = 0.76%/0.31% = 2.5:1",
  "confidence": 0.7769388463869211,
  "channel": {
    "support": 2117.84,
    "resistance": 2140.82,
    "position": 0.05
  },
  "executed": {
    "skipped": true,
    "reason": "USDT too low: $0.0216"
  }
}
=== Grid Bot Cycle ===

{
  "timestamp": "2026-05-22T09:40:14.857Z",
  "cycle": 17,
  "balances": {
    "WMNT": 2.163243873608249,
    "USDT": 0.026989,
    "MNT": 2.345101274387542
  },
  "mntPrice": 0.67364,
  "portfolioUsd": 1.4842366030174607,
  "signal": "BUY_mETH",
  "reason": "Price at 9% of channel (BUY zone, support $2117.84). R:R = 0.72%/0.30% = 2.4:1",
  "confidence": 0.7557544207707727,
  "channel": {
    "support": 2117.84,
    "resistance": 2140.82,
    "position": 0.09
  },
  "executed": {
    "skipped": true,
    "reason": "USDT too low: $0.0216"
  }
}
=== Grid Bot Cycle ===

{
  "timestamp": "2026-05-22T09:45:03.690Z",
  "cycle": 18,
  "balances": {
    "WMNT": 2.163243873608249,
    "USDT": 0.026989,
    "MNT": 2.345101274387542
  },
  "mntPrice": 0.67364,
  "portfolioUsd": 1.4842366030174607,
  "signal": "BUY_mETH",
  "reason": "Price at 15% of channel (BUY zone, support $2117.84). R:R = 0.65%/0.30% = 2.2:1",
  "confidence": 0.7256255034243743,
  "channel": {
    "support": 2117.84,
    "resistance": 2140.82,
    "position": 0.15
  },
  "executed": {
    "skipped": true,
    "reason": "USDT too low: $0.0216"
  }
}
=== Grid Bot Cycle ===

{
  "timestamp": "2026-05-22T09:50:12.512Z",
  "cycle": 19,
  "balances": {
    "WMNT": 2.163243873608249,
    "USDT": 0.026989,
    "MNT": 2.345101274387542
  },
  "mntPrice": 0.67364,
  "portfolioUsd": 1.4842366030174607,
  "signal": "BUY_mETH",
  "reason": "Price at 8% of channel (BUY zone, support $2117.84). R:R = 0.72%/0.30% = 2.4:1",
  "confidence": 0.7579876752111311,
  "channel": {
    "support": 2117.84,
    "resistance": 2140.82,
    "position": 0.08
  },
  "executed": {
    "skipped": true,
    "reason": "USDT too low: $0.0216"
  }
}
=== Grid Bot Cycle ===

{
  "timestamp": "2026-05-22T09:55:07.171Z",
  "cycle": 20,
  "balances": {
    "WMNT": 2.163243873608249,
    "USDT": 0.026989,
    "MNT": 2.345101274387542
  },
  "mntPrice": 0.67364,
  "portfolioUsd": 1.4842366030174607,
  "signal": "BUY_mETH",
  "reason": "Price at 17% of channel (BUY zone, support $2117.84). R:R = 0.62%/0.30% = 2.1:1",
  "confidence": 0.7126205203628655,
  "channel": {
    "support": 2117.84,
    "resistance": 2140.82,
    "position": 0.17
  },
  "executed": {
    "skipped": true,
    "reason": "USDT too low: $0.0216"
  }
}
=== Grid Bot Cycle ===

{
  "timestamp": "2026-05-22T10:00:03.017Z",
  "cycle": 21,
  "balances": {
    "WMNT": 2.163243873608249,
    "USDT": 0.026989,
    "MNT": 2.345101274387542
  },
  "mntPrice": 0.67364,
  "portfolioUsd": 1.4842366030174607,
  "signal": "BUY_mETH",
  "reason": "Price at 18% of channel (BUY zone, support $2117.84). R:R = 0.62%/0.30% = 2.1:1",
  "confidence": 0.7109092000501692,
  "channel": {
    "support": 2117.84,
    "resistance": 2140.82,
    "position": 0.18
  },
  "executed": {
    "skipped": true,
    "reason": "USDT too low: $0.0216"
  }
}
=== Grid Bot Cycle ===

{
  "timestamp": "2026-05-22T10:05:10.284Z",
  "cycle": 22,
  "balances": {
    "WMNT": 2.163243873608249,
    "USDT": 0.026989,
    "MNT": 2.345101274387542
  },
  "mntPrice": 0.672968,
  "portfolioUsd": 1.482782903134396,
  "signal": "BUY_mETH",
  "reason": "Price at 13% of channel (BUY zone, support $2117.84). R:R = 0.67%/0.30% = 2.2:1",
  "confidence": 0.7353866436544123,
  "channel": {
    "support": 2117.84,
    "resistance": 2140.82,
    "position": 0.13
  },
  "executed": {
    "skipped": true,
    "reason": "USDT too low: $0.0216"
  }
}
=== Grid Bot Cycle ===

{
  "timestamp": "2026-05-22T10:10:04.864Z",
  "cycle": 23,
  "balances": {
    "WMNT": 2.163243873608249,
    "USDT": 0.026989,
    "MNT": 2.345101274387542
  },
  "mntPrice": 0.672968,
  "portfolioUsd": 1.482782903134396,
  "signal": "BUY_mETH",
  "reason": "Price at 17% of channel (BUY zone, support $2117.84). R:R = 0.62%/0.30% = 2.1:1",
  "confidence": 0.7127709865788557,
  "channel": {
    "support": 2117.84,
    "resistance": 2140.82,
    "position": 0.17
  },
  "executed": {
    "skipped": true,
    "reason": "USDT too low: $0.0216"
  }
}
=== Grid Bot Cycle ===

{
  "timestamp": "2026-05-22T10:15:05.243Z",
  "cycle": 24,
  "balances": {
    "WMNT": 2.163243873608249,
    "USDT": 0.026989,
    "MNT": 2.345101274387542
  },
  "mntPrice": 0.673668,
  "portfolioUsd": 1.4842971738459219,
  "signal": "BUY_mETH",
  "reason": "Price at 16% of channel (BUY zone, support $2117.84). R:R = 0.64%/0.30% = 2.1:1",
  "confidence": 0.7188187924956386,
  "channel": {
    "support": 2117.84,
    "resistance": 2140.82,
    "position": 0.16
  },
  "executed": {
    "skipped": true,
    "reason": "USDT too low: $0.0216"
  }
}
=== Grid Bot Cycle ===

{
  "timestamp": "2026-05-22T10:20:09.340Z",
  "cycle": 25,
  "balances": {
    "WMNT": 2.163243873608249,
    "USDT": 0.026989,
    "MNT": 2.345101274387542
  },
  "mntPrice": 0.673491,
  "portfolioUsd": 1.4839142796802929,
  "signal": "BUY_mETH",
  "reason": "Price at 9% of channel (BUY zone, support $2117.84). R:R = 0.72%/0.30% = 2.4:1",
  "confidence": 0.7552104240505924,
  "channel": {
    "support": 2117.84,
    "resistance": 2140.82,
    "position": 0.09
  },
  "executed": {
    "skipped": true,
    "reason": "USDT too low: $0.0216"
  }
}
=== Grid Bot Cycle ===

{
  "timestamp": "2026-05-22T10:25:07.425Z",
  "cycle": 26,
  "balances": {
    "WMNT": 2.163243873608249,
    "USDT": 0.026989,
    "MNT": 2.345101274387542
  },
  "mntPrice": 0.673491,
  "portfolioUsd": 1.4839142796802929,
  "signal": "BUY_mETH",
  "reason": "Price at 11% of channel (BUY zone, support $2117.84). R:R = 0.70%/0.30% = 2.3:1",
  "confidence": 0.7457396365643413,
  "channel": {
    "support": 2117.84,
    "resistance": 2140.82,
    "position": 0.11
  },
  "executed": {
    "skipped": true,
    "reason": "USDT too low: $0.0216"
  }
}
=== Grid Bot Cycle ===

{
  "timestamp": "2026-05-22T10:30:05.339Z",
  "cycle": 27,
  "balances": {
    "WMNT": 2.163243873608249,
    "USDT": 0.026989,
    "MNT": 2.345101274387542
  },
  "mntPrice": 0.673208,
  "portfolioUsd": 1.483302081664062,
  "signal": "BUY_mETH",
  "reason": "Price at 16% of channel (BUY zone, support $2117.84). R:R = 0.64%/0.30% = 2.1:1",
  "confidence": 0.7202249420634059,
  "channel": {
    "support": 2117.84,
    "resistance": 2140.82,
    "position": 0.16
  },
  "executed": {
    "skipped": true,
    "reason": "USDT too low: $0.0216"
  }
}
=== Grid Bot Cycle ===

{
  "timestamp": "2026-05-22T10:35:04.404Z",
  "cycle": 28,
  "balances": {
    "WMNT": 2.163243873608249,
    "USDT": 0.026989,
    "MNT": 2.345101274387542
  },
  "mntPrice": 0.669744,
  "portfolioUsd": 1.475808604885883,
  "signal": "BUY_mETH",
  "reason": "Price at 19% of channel (BUY zone, support $2117.84). R:R = 0.61%/0.30% = 2.0:1",
  "confidence": 0.7060319784026035,
  "channel": {
    "support": 2117.84,
    "resistance": 2140.82,
    "position": 0.19
  },
  "executed": {
    "skipped": true,
    "reason": "USDT too low: $0.0216"
  }
}
=== Grid Bot Cycle ===

{
  "timestamp": "2026-05-22T10:40:04.176Z",
  "cycle": 29,
  "balances": {
    "WMNT": 2.163243873608249,
    "USDT": 0.026989,
    "MNT": 2.345101274387542
  },
  "mntPrice": 0.669865,
  "portfolioUsd": 1.4760703573945897,
  "signal": "BUY_mETH",
  "reason": "Price at 15% of channel (BUY zone, support $2117.84). R:R = 0.65%/0.30% = 2.2:1",
  "confidence": 0.7258939245302548,
  "channel": {
    "support": 2117.84,
    "resistance": 2140.82,
    "position": 0.15
  },
  "executed": {
    "skipped": true,
    "reason": "USDT too low: $0.0216"
  }
}
=== Grid Bot Cycle ===

{
  "timestamp": "2026-05-22T10:45:10.491Z",
  "cycle": 30,
  "balances": {
    "WMNT": 2.163243873608249,
    "USDT": 0.026989,
    "MNT": 2.345101274387542
  },
  "mntPrice": 0.669744,
  "portfolioUsd": 1.475808604885883,
  "signal": "BUY_mETH",
  "reason": "Price at 17% of channel (BUY zone, support $2117.84). R:R = 0.62%/0.30% = 2.1:1",
  "confidence": 0.713534080762943,
  "channel": {
    "support": 2117.84,
    "resistance": 2140.82,
    "position": 0.17
  },
  "executed": {
    "skipped": true,
    "reason": "USDT too low: $0.0216"
  }
}
=== Grid Bot Cycle ===

{
  "timestamp": "2026-05-22T10:50:10.489Z",
  "cycle": 31,
  "balances": {
    "WMNT": 2.163243873608249,
    "USDT": 0.026989,
    "MNT": 2.345101274387542
  },
  "mntPrice": 0.669744,
  "portfolioUsd": 1.475808604885883,
  "signal": "BUY_mETH",
  "reason": "Price at 16% of channel (BUY zone, support $2117.84). R:R = 0.64%/0.30% = 2.1:1",
  "confidence": 0.7183347863445315,
  "channel": {
    "support": 2117.84,
    "resistance": 2140.82,
    "position": 0.16
  },
  "executed": {
    "skipped": true,
    "reason": "USDT too low: $0.0216"
  }
}
=== Grid Bot Cycle ===

{
  "timestamp": "2026-05-22T10:55:05.618Z",
  "cycle": 32,
  "balances": {
    "WMNT": 2.163243873608249,
    "USDT": 0.026989,
    "MNT": 2.345101274387542
  },
  "mntPrice": 0.669744,
  "portfolioUsd": 1.475808604885883,
  "signal": "BUY_mETH",
  "reason": "Price at 15% of channel (BUY zone, support $2117.84). R:R = 0.65%/0.30% = 2.2:1",
  "confidence": 0.7240672031416835,
  "channel": {
    "support": 2117.84,
    "resistance": 2140.82,
    "position": 0.15
  },
  "executed": {
    "skipped": true,
    "reason": "USDT too low: $0.0216"
  }
}
=== Grid Bot Cycle ===

{
  "timestamp": "2026-05-22T11:00:05.349Z",
  "cycle": 33,
  "balances": {
    "WMNT": 2.163243873608249,
    "USDT": 0.026989,
    "MNT": 2.345101274387542
  },
  "mntPrice": 0.669744,
  "portfolioUsd": 1.475808604885883,
  "signal": "BUY_mETH",
  "reason": "Price at 12% of channel (BUY zone, support $2117.84). R:R = 0.68%/0.30% = 2.3:1",
  "confidence": 0.7391738254407154,
  "channel": {
    "support": 2117.84,
    "resistance": 2140.82,
    "position": 0.12
  },
  "executed": {
    "skipped": true,
    "reason": "USDT too low: $0.0216"
  }
}
=== Grid Bot Cycle ===

{
  "timestamp": "2026-05-22T11:05:11.795Z",
  "cycle": 34,
  "balances": {
    "WMNT": 2.163243873608249,
    "USDT": 0.026989,
    "MNT": 2.345101274387542
  },
  "mntPrice": 0.669744,
  "portfolioUsd": 1.475808604885883,
  "signal": "BUY_mETH",
  "reason": "Price at 18% of channel (BUY zone, support $2117.84). R:R = 0.61%/0.30% = 2.0:1",
  "confidence": 0.7086329336339511,
  "channel": {
    "support": 2117.84,
    "resistance": 2140.82,
    "position": 0.18
  },
  "executed": {
    "skipped": true,
    "reason": "USDT too low: $0.0216"
  }
}
=== Grid Bot Cycle ===

{
  "timestamp": "2026-05-22T11:10:07.401Z",
  "cycle": 35,
  "balances": {
    "WMNT": 2.163243873608249,
    "USDT": 0.026989,
    "MNT": 2.345101274387542
  },
  "mntPrice": 0.669744,
  "portfolioUsd": 1.475808604885883,
  "signal": "BUY_mETH",
  "reason": "Price at 14% of channel (BUY zone, support $2117.84). R:R = 0.66%/0.30% = 2.2:1",
  "confidence": 0.7318323509698813,
  "channel": {
    "support": 2117.84,
    "resistance": 2140.82,
    "position": 0.14
  },
  "executed": {
    "skipped": true,
    "reason": "USDT too low: $0.0216"
  }
}
=== Grid Bot Cycle ===

{
  "timestamp": "2026-05-22T11:15:08.255Z",
  "cycle": 36,
  "balances": {
    "WMNT": 2.163243873608249,
    "USDT": 0.026989,
    "MNT": 2.345101274387542
  },
  "mntPrice": 0.673208,
  "portfolioUsd": 1.483302081664062,
  "signal": "BUY_mETH",
  "reason": "Price at 14% of channel (BUY zone, support $2117.84). R:R = 0.66%/0.30% = 2.2:1",
  "confidence": 0.7314650666866314,
  "channel": {
    "support": 2117.84,
    "resistance": 2140.82,
    "position": 0.14
  },
  "executed": {
    "skipped": true,
    "reason": "USDT too low: $0.0216"
  }
}
=== Grid Bot Cycle ===

TypeError: Cannot read properties of undefined (reading '0')
    at LiveGridBot.getMntPrice (/root/turingvault/src/strategies/liveGridBot.js:108:36)
    at process.processTicksAndRejections (node:internal/process/task_queues:103:5)
    at async LiveGridBot.runCycle (/root/turingvault/src/strategies/liveGridBot.js:205:22)
    at async /root/turingvault/src/strategies/liveGridBot.js:309:22
=== Grid Bot Cycle ===

{
  "timestamp": "2026-05-22T11:25:13.088Z",
  "cycle": 37,
  "balances": {
    "WMNT": 2.163243873608249,
    "USDT": 0.026989,
    "MNT": 2.345101274387542
  },
  "mntPrice": 0.673208,
  "portfolioUsd": 1.483302081664062,
  "signal": "BUY_mETH",
  "reason": "Price at 10% of channel (BUY zone, support $2117.84). R:R = 0.71%/0.30% = 2.4:1",
  "confidence": 0.751015974357564,
  "channel": {
    "support": 2117.84,
    "resistance": 2140.82,
    "position": 0.1
  },
  "executed": {
    "skipped": true,
    "reason": "USDT too low: $0.0216"
  }
}
=== Grid Bot Cycle ===

{
  "timestamp": "2026-05-22T11:30:06.880Z",
  "cycle": 38,
  "balances": {
    "WMNT": 2.163243873608249,
    "USDT": 0.026989,
    "MNT": 2.345101274387542
  },
  "mntPrice": 0.673208,
  "portfolioUsd": 1.483302081664062,
  "signal": "BUY_mETH",
  "reason": "Price at 17% of channel (BUY zone, support $2117.84). R:R = 0.63%/0.30% = 2.1:1",
  "confidence": 0.716069593743801,
  "channel": {
    "support": 2117.84,
    "resistance": 2140.82,
    "position": 0.17
  },
  "executed": {
    "skipped": true,
    "reason": "USDT too low: $0.0216"
  }
}
=== Grid Bot Cycle ===

{
  "timestamp": "2026-05-22T11:35:11.622Z",
  "cycle": 39,
  "balances": {
    "WMNT": 2.163243873608249,
    "USDT": 0.026989,
    "MNT": 2.345101274387542
  },
  "mntPrice": 0.673208,
  "portfolioUsd": 1.483302081664062,
  "signal": "BUY_mETH",
  "reason": "Price at 21% of channel (BUY zone, support $2117.84). R:R = 0.58%/0.30% = 1.9:1",
  "confidence": 0.6934480687823031,
  "channel": {
    "support": 2117.84,
    "resistance": 2140.82,
    "position": 0.21
  },
  "executed": {
    "skipped": true,
    "reason": "USDT too low: $0.0216"
  }
}
=== Grid Bot Cycle ===

{
  "timestamp": "2026-05-22T11:40:13.267Z",
  "cycle": 40,
  "balances": {
    "WMNT": 2.163243873608249,
    "USDT": 0.026989,
    "MNT": 2.345101274387542
  },
  "mntPrice": 0.673208,
  "portfolioUsd": 1.483302081664062,
  "signal": "HOLD",
  "reason": "Price at 31% of channel (HOLD zone 30-70%). Wait for edge near support ($2117.84) or resistance ($2140.82)",
  "confidence": 0.5,
  "channel": {
    "support": 2117.84,
    "resistance": 2140.82,
    "position": 0.31
  },
  "executed": {
    "skipped": true,
    "reason": "Signal: HOLD (conf: 0.50)"
  }
}
=== Grid Bot Cycle ===

TypeError: Cannot read properties of undefined (reading '0')
    at LiveGridBot.getMntPrice (/root/turingvault/src/strategies/liveGridBot.js:108:36)
    at process.processTicksAndRejections (node:internal/process/task_queues:103:5)
    at async LiveGridBot.runCycle (/root/turingvault/src/strategies/liveGridBot.js:205:22)
    at async /root/turingvault/src/strategies/liveGridBot.js:309:22
=== Grid Bot Cycle ===

{
  "timestamp": "2026-05-22T11:50:12.441Z",
  "cycle": 41,
  "balances": {
    "WMNT": 2.163243873608249,
    "USDT": 0.026989,
    "MNT": 2.345101274387542
  },
  "mntPrice": 0.673208,
  "portfolioUsd": 1.483302081664062,
  "signal": "HOLD",
  "reason": "Price at 40% of channel (HOLD zone 30-70%). Wait for edge near support ($2117.84) or resistance ($2140.82)",
  "confidence": 0.5,
  "channel": {
    "support": 2117.84,
    "resistance": 2140.82,
    "position": 0.4
  },
  "executed": {
    "skipped": true,
    "reason": "Signal: HOLD (conf: 0.50)"
  }
}
=== Grid Bot Cycle ===

{
  "timestamp": "2026-05-22T11:55:02.905Z",
  "cycle": 42,
  "balances": {
    "WMNT": 2.163243873608249,
    "USDT": 0.026989,
    "MNT": 2.345101274387542
  },
  "mntPrice": 0.673208,
  "portfolioUsd": 1.483302081664062,
  "signal": "HOLD",
  "reason": "Price at 40% of channel (HOLD zone 30-70%). Wait for edge near support ($2117.84) or resistance ($2140.82)",
  "confidence": 0.5,
  "channel": {
    "support": 2117.84,
    "resistance": 2140.82,
    "position": 0.4
  },
  "executed": {
    "skipped": true,
    "reason": "Signal: HOLD (conf: 0.50)"
  }
}
=== Grid Bot Cycle ===

{
  "timestamp": "2026-05-22T12:00:08.397Z",
  "cycle": 43,
  "balances": {
    "WMNT": 2.163243873608249,
    "USDT": 0.026989,
    "MNT": 2.345101274387542
  },
  "mntPrice": 0.669406,
  "portfolioUsd": 1.4750774284566033,
  "signal": "HOLD",
  "reason": "Price at 41% of channel (HOLD zone 30-70%). Wait for edge near support ($2117.84) or resistance ($2140.82)",
  "confidence": 0.5,
  "channel": {
    "support": 2117.84,
    "resistance": 2140.82,
    "position": 0.41
  },
  "executed": {
    "skipped": true,
    "reason": "Signal: HOLD (conf: 0.50)"
  }
}
=== Grid Bot Cycle ===

TypeError: Cannot read properties of undefined (reading '0')
    at LiveGridBot.getMntPrice (/root/turingvault/src/strategies/liveGridBot.js:108:36)
    at process.processTicksAndRejections (node:internal/process/task_queues:103:5)
    at async LiveGridBot.runCycle (/root/turingvault/src/strategies/liveGridBot.js:205:22)
    at async /root/turingvault/src/strategies/liveGridBot.js:309:22
=== Grid Bot Cycle ===

TypeError: Cannot read properties of undefined (reading '0')
    at LiveGridBot.getMntPrice (/root/turingvault/src/strategies/liveGridBot.js:108:36)
    at process.processTicksAndRejections (node:internal/process/task_queues:103:5)
    at async LiveGridBot.runCycle (/root/turingvault/src/strategies/liveGridBot.js:205:22)
    at async /root/turingvault/src/strategies/liveGridBot.js:309:22
=== Grid Bot Cycle ===

{
  "timestamp": "2026-05-22T12:15:09.298Z",
  "cycle": 44,
  "balances": {
    "WMNT": 2.163243873608249,
    "USDT": 0.026989,
    "MNT": 2.345101274387542
  },
  "mntPrice": 0.669406,
  "portfolioUsd": 1.4750774284566033,
  "signal": "HOLD",
  "reason": "Price at 65% of channel (HOLD zone 30-70%). Wait for edge near support ($2117.84) or resistance ($2140.82)",
  "confidence": 0.5,
  "channel": {
    "support": 2117.84,
    "resistance": 2140.82,
    "position": 0.65
  },
  "executed": {
    "skipped": true,
    "reason": "Signal: HOLD (conf: 0.50)"
  }
}
=== Grid Bot Cycle ===

{
  "timestamp": "2026-05-22T12:20:08.578Z",
  "cycle": 45,
  "balances": {
    "WMNT": 2.163243873608249,
    "USDT": 0.026989,
    "MNT": 2.345101274387542
  },
  "mntPrice": 0.669406,
  "portfolioUsd": 1.4750774284566033,
  "signal": "HOLD",
  "reason": "Price at 64% of channel (HOLD zone 30-70%). Wait for edge near support ($2117.84) or resistance ($2140.82)",
  "confidence": 0.5,
  "channel": {
    "support": 2117.84,
    "resistance": 2140.82,
    "position": 0.64
  },
  "executed": {
    "skipped": true,
    "reason": "Signal: HOLD (conf: 0.50)"
  }
}
=== Grid Bot Cycle ===

{
  "timestamp": "2026-05-22T12:25:11.929Z",
  "cycle": 46,
  "balances": {
    "WMNT": 2.163243873608249,
    "USDT": 0.026989,
    "MNT": 2.345101274387542
  },
  "mntPrice": 0.669406,
  "portfolioUsd": 1.4750774284566033,
  "signal": "HOLD",
  "reason": "Price at 57% of channel (HOLD zone 30-70%). Wait for edge near support ($2117.84) or resistance ($2140.82)",
  "confidence": 0.5,
  "channel": {
    "support": 2117.84,
    "resistance": 2140.82,
    "position": 0.57
  },
  "executed": {
    "skipped": true,
    "reason": "Signal: HOLD (conf: 0.50)"
  }
}
=== Grid Bot Cycle ===

{
  "timestamp": "2026-05-22T12:30:08.342Z",
  "cycle": 47,
  "balances": {
    "WMNT": 2.163243873608249,
    "USDT": 0.026989,
    "MNT": 2.345101274387542
  },
  "mntPrice": 0.669406,
  "portfolioUsd": 1.4750774284566033,
  "signal": "HOLD",
  "reason": "Price at 51% of channel (HOLD zone 30-70%). Wait for edge near support ($2117.84) or resistance ($2140.82)",
  "confidence": 0.5,
  "channel": {
    "support": 2117.84,
    "resistance": 2140.82,
    "position": 0.51
  },
  "executed": {
    "skipped": true,
    "reason": "Signal: HOLD (conf: 0.50)"
  }
}
=== Grid Bot Cycle ===

{
  "timestamp": "2026-05-22T12:35:10.310Z",
  "cycle": 48,
  "balances": {
    "WMNT": 2.163243873608249,
    "USDT": 0.026989,
    "MNT": 2.345101274387542
  },
  "mntPrice": 0.669406,
  "portfolioUsd": 1.4750774284566033,
  "signal": "HOLD",
  "reason": "Price at 48% of channel (HOLD zone 30-70%). Wait for edge near support ($2117.84) or resistance ($2140.82)",
  "confidence": 0.5,
  "channel": {
    "support": 2117.84,
    "resistance": 2140.82,
    "position": 0.48
  },
  "executed": {
    "skipped": true,
    "reason": "Signal: HOLD (conf: 0.50)"
  }
}
=== Grid Bot Cycle ===

{
  "timestamp": "2026-05-22T12:40:08.342Z",
  "cycle": 49,
  "balances": {
    "WMNT": 2.163243873608249,
    "USDT": 0.026989,
    "MNT": 2.345101274387542
  },
  "mntPrice": 0.669406,
  "portfolioUsd": 1.4750774284566033,
  "signal": "HOLD",
  "reason": "Price at 52% of channel (HOLD zone 30-70%). Wait for edge near support ($2117.84) or resistance ($2140.82)",
  "confidence": 0.5,
  "channel": {
    "support": 2117.84,
    "resistance": 2140.82,
    "position": 0.52
  },
  "executed": {
    "skipped": true,
    "reason": "Signal: HOLD (conf: 0.50)"
  }
}
=== Grid Bot Cycle ===

{
  "timestamp": "2026-05-22T12:45:03.643Z",
  "cycle": 50,
  "balances": {
    "WMNT": 2.163243873608249,
    "USDT": 0.026989,
    "MNT": 2.345101274387542
  },
  "mntPrice": 0.669406,
  "portfolioUsd": 1.4750774284566033,
  "signal": "HOLD",
  "reason": "Price at 52% of channel (HOLD zone 30-70%). Wait for edge near support ($2117.84) or resistance ($2140.82)",
  "confidence": 0.5,
  "channel": {
    "support": 2117.84,
    "resistance": 2140.82,
    "position": 0.52
  },
  "executed": {
    "skipped": true,
    "reason": "Signal: HOLD (conf: 0.50)"
  }
}
=== Grid Bot Cycle ===

{
  "timestamp": "2026-05-22T12:50:06.686Z",
  "cycle": 51,
  "balances": {
    "WMNT": 2.163243873608249,
    "USDT": 0.026989,
    "MNT": 2.345101274387542
  },
  "mntPrice": 0.669406,
  "portfolioUsd": 1.4750774284566033,
  "signal": "HOLD",
  "reason": "Price at 60% of channel (HOLD zone 30-70%). Wait for edge near support ($2117.84) or resistance ($2140.82)",
  "confidence": 0.5,
  "channel": {
    "support": 2117.84,
    "resistance": 2140.82,
    "position": 0.6
  },
  "executed": {
    "skipped": true,
    "reason": "Signal: HOLD (conf: 0.50)"
  }
}
=== Grid Bot Cycle ===

{
  "timestamp": "2026-05-22T12:55:04.845Z",
  "cycle": 52,
  "balances": {
    "WMNT": 2.163243873608249,
    "USDT": 0.026989,
    "MNT": 2.345101274387542
  },
  "mntPrice": 0.669406,
  "portfolioUsd": 1.4750774284566033,
  "signal": "HOLD",
  "reason": "Price at 64% of channel (HOLD zone 30-70%). Wait for edge near support ($2117.84) or resistance ($2140.82)",
  "confidence": 0.5,
  "channel": {
    "support": 2117.84,
    "resistance": 2140.82,
    "position": 0.64
  },
  "executed": {
    "skipped": true,
    "reason": "Signal: HOLD (conf: 0.50)"
  }
}
=== Grid Bot Cycle ===

TypeError: Cannot read properties of undefined (reading '0')
    at LiveGridBot.getMntPrice (/root/turingvault/src/strategies/liveGridBot.js:108:36)
    at process.processTicksAndRejections (node:internal/process/task_queues:103:5)
    at async LiveGridBot.runCycle (/root/turingvault/src/strategies/liveGridBot.js:205:22)
    at async /root/turingvault/src/strategies/liveGridBot.js:309:22
=== Grid Bot Cycle ===

{
  "timestamp": "2026-05-22T13:05:06.185Z",
  "cycle": 53,
  "balances": {
    "WMNT": 2.163243873608249,
    "USDT": 0.026989,
    "MNT": 2.345101274387542
  },
  "mntPrice": 0.669406,
  "portfolioUsd": 1.4750774284566033,
  "signal": "HOLD",
  "reason": "Price at 59% of channel (HOLD zone 30-70%). Wait for edge near support ($2117.84) or resistance ($2140.82)",
  "confidence": 0.5,
  "channel": {
    "support": 2117.84,
    "resistance": 2140.82,
    "position": 0.59
  },
  "executed": {
    "skipped": true,
    "reason": "Signal: HOLD (conf: 0.50)"
  }
}
=== Grid Bot Cycle ===

{
  "timestamp": "2026-05-22T13:10:03.398Z",
  "cycle": 54,
  "balances": {
    "WMNT": 2.163243873608249,
    "USDT": 0.026989,
    "MNT": 2.345101274387542
  },
  "mntPrice": 0.669406,
  "portfolioUsd": 1.4750774284566033,
  "signal": "HOLD",
  "reason": "Price at 54% of channel (HOLD zone 30-70%). Wait for edge near support ($2117.84) or resistance ($2140.82)",
  "confidence": 0.5,
  "channel": {
    "support": 2117.84,
    "resistance": 2140.82,
    "position": 0.54
  },
  "executed": {
    "skipped": true,
    "reason": "Signal: HOLD (conf: 0.50)"
  }
}
=== Grid Bot Cycle ===

{
  "timestamp": "2026-05-22T13:15:06.195Z",
  "cycle": 55,
  "balances": {
    "WMNT": 2.163243873608249,
    "USDT": 0.026989,
    "MNT": 2.345101274387542
  },
  "mntPrice": 0.669406,
  "portfolioUsd": 1.4750774284566033,
  "signal": "HOLD",
  "reason": "Price at 63% of channel (HOLD zone 30-70%). Wait for edge near support ($2117.84) or resistance ($2140.82)",
  "confidence": 0.5,
  "channel": {
    "support": 2117.84,
    "resistance": 2140.82,
    "position": 0.63
  },
  "executed": {
    "skipped": true,
    "reason": "Signal: HOLD (conf: 0.50)"
  }
}
=== Grid Bot Cycle ===

{
  "timestamp": "2026-05-22T13:20:07.038Z",
  "cycle": 56,
  "balances": {
    "WMNT": 2.163243873608249,
    "USDT": 0.026989,
    "MNT": 2.345101274387542
  },
  "mntPrice": 0.669406,
  "portfolioUsd": 1.4750774284566033,
  "signal": "HOLD",
  "reason": "Price at 65% of channel (HOLD zone 30-70%). Wait for edge near support ($2117.84) or resistance ($2140.82)",
  "confidence": 0.5,
  "channel": {
    "support": 2117.84,
    "resistance": 2140.82,
    "position": 0.65
  },
  "executed": {
    "skipped": true,
    "reason": "Signal: HOLD (conf: 0.50)"
  }
}
=== Grid Bot Cycle ===

{
  "timestamp": "2026-05-22T13:25:02.704Z",
  "cycle": 57,
  "balances": {
    "WMNT": 2.163243873608249,
    "USDT": 0.026989,
    "MNT": 2.345101274387542
  },
  "mntPrice": 0.669406,
  "portfolioUsd": 1.4750774284566033,
  "signal": "HOLD",
  "reason": "Price at 53% of channel (HOLD zone 30-70%). Wait for edge near support ($2117.84) or resistance ($2140.82)",
  "confidence": 0.5,
  "channel": {
    "support": 2117.84,
    "resistance": 2140.82,
    "position": 0.53
  },
  "executed": {
    "skipped": true,
    "reason": "Signal: HOLD (conf: 0.50)"
  }
}
=== Grid Bot Cycle ===

{
  "timestamp": "2026-05-22T13:30:05.884Z",
  "cycle": 58,
  "balances": {
    "WMNT": 2.163243873608249,
    "USDT": 0.026989,
    "MNT": 2.345101274387542
  },
  "mntPrice": 0.669406,
  "portfolioUsd": 1.4750774284566033,
  "signal": "HOLD",
  "reason": "Price at 42% of channel (HOLD zone 30-70%). Wait for edge near support ($2119.41) or resistance ($2140.82)",
  "confidence": 0.5,
  "channel": {
    "support": 2119.41,
    "resistance": 2140.82,
    "position": 0.42
  },
  "executed": {
    "skipped": true,
    "reason": "Signal: HOLD (conf: 0.50)"
  }
}
=== Grid Bot Cycle ===

{
  "timestamp": "2026-05-22T13:35:11.386Z",
  "cycle": 59,
  "balances": {
    "WMNT": 2.163243873608249,
    "USDT": 0.026989,
    "MNT": 2.345101274387542
  },
  "mntPrice": 0.667589,
  "portfolioUsd": 1.4711468143382571,
  "signal": "BUY_mETH",
  "reason": "Price at 26% of channel (BUY zone, support $2119.41). R:R = 0.50%/0.30% = 1.7:1",
  "confidence": 0.6722781714008961,
  "channel": {
    "support": 2119.41,
    "resistance": 2140.82,
    "position": 0.26
  },
  "executed": {
    "skipped": true,
    "reason": "USDT too low: $0.0216"
  }
}
=== Grid Bot Cycle ===

TypeError: Cannot read properties of undefined (reading '0')
    at LiveGridBot.getMntPrice (/root/turingvault/src/strategies/liveGridBot.js:108:36)
    at process.processTicksAndRejections (node:internal/process/task_queues:103:5)
    at async LiveGridBot.runCycle (/root/turingvault/src/strategies/liveGridBot.js:205:22)
    at async /root/turingvault/src/strategies/liveGridBot.js:309:22
=== Grid Bot Cycle ===

{
  "timestamp": "2026-05-22T13:45:03.555Z",
  "cycle": 60,
  "balances": {
    "WMNT": 2.163243873608249,
    "USDT": 0.026989,
    "MNT": 2.345101274387542
  },
  "mntPrice": 0.667589,
  "portfolioUsd": 1.4711468143382571,
  "signal": "BUY_mETH",
  "reason": "Price at 29% of channel (BUY zone, support $2119.41). R:R = 0.46%/0.30% = 1.5:1",
  "confidence": 0.6537691125318749,
  "channel": {
    "support": 2119.41,
    "resistance": 2140.82,
    "position": 0.29
  },
  "executed": {
    "skipped": true,
    "reason": "USDT too low: $0.0216"
  }
}
=== Grid Bot Cycle ===

{
  "timestamp": "2026-05-22T13:50:07.399Z",
  "cycle": 61,
  "balances": {
    "WMNT": 2.163243873608249,
    "USDT": 0.026989,
    "MNT": 2.345101274387542
  },
  "mntPrice": 0.667589,
  "portfolioUsd": 1.4711468143382571,
  "signal": "HOLD",
  "reason": "Price at 31% of channel (HOLD zone 30-70%). Wait for edge near support ($2119.41) or resistance ($2140.82)",
  "confidence": 0.5,
  "channel": {
    "support": 2119.41,
    "resistance": 2140.82,
    "position": 0.31
  },
  "executed": {
    "skipped": true,
    "reason": "Signal: HOLD (conf: 0.50)"
  }
}
=== Grid Bot Cycle ===

{
  "timestamp": "2026-05-22T13:55:10.984Z",
  "cycle": 62,
  "balances": {
    "WMNT": 2.163243873608249,
    "USDT": 0.026989,
    "MNT": 2.345101274387542
  },
  "mntPrice": 0.667589,
  "portfolioUsd": 1.4711468143382571,
  "signal": "HOLD",
  "reason": "Price at 30% of channel (HOLD zone 30-70%). Wait for edge near support ($2119.41) or resistance ($2140.82)",
  "confidence": 0.5,
  "channel": {
    "support": 2119.41,
    "resistance": 2140.82,
    "position": 0.3
  },
  "executed": {
    "skipped": true,
    "reason": "Signal: HOLD (conf: 0.50)"
  }
}
=== Grid Bot Cycle ===

TypeError: Cannot read properties of undefined (reading '0')
    at LiveGridBot.getMntPrice (/root/turingvault/src/strategies/liveGridBot.js:108:36)
    at process.processTicksAndRejections (node:internal/process/task_queues:103:5)
    at async LiveGridBot.runCycle (/root/turingvault/src/strategies/liveGridBot.js:205:22)
    at async /root/turingvault/src/strategies/liveGridBot.js:309:22
=== Grid Bot Cycle ===

{
  "timestamp": "2026-05-22T14:05:08.275Z",
  "cycle": 63,
  "balances": {
    "WMNT": 2.163243873608249,
    "USDT": 0.026989,
    "MNT": 2.345101274387542
  },
  "mntPrice": 0.667589,
  "portfolioUsd": 1.4711468143382571,
  "signal": "BUY_mETH",
  "reason": "Price at 22% of channel (BUY zone, support $2119.41). R:R = 0.53%/0.30% = 1.8:1",
  "confidence": 0.6877197393535104,
  "channel": {
    "support": 2119.41,
    "resistance": 2140.82,
    "position": 0.22
  },
  "executed": {
    "skipped": true,
    "reason": "USDT too low: $0.0216"
  }
}
=== Grid Bot Cycle ===

{
  "timestamp": "2026-05-22T14:10:10.104Z",
  "cycle": 64,
  "balances": {
    "WMNT": 2.163243873608249,
    "USDT": 0.026989,
    "MNT": 2.345101274387542
  },
  "mntPrice": 0.667589,
  "portfolioUsd": 1.4711468143382571,
  "signal": "BUY_mETH",
  "reason": "Price at 8% of channel (BUY zone, support $2119.41). R:R = 0.68%/0.30% = 2.3:1",
  "confidence": 0.759787970383041,
  "channel": {
    "support": 2119.41,
    "resistance": 2140.82,
    "position": 0.08
  },
  "executed": {
    "skipped": true,
    "reason": "USDT too low: $0.0216"
  }
}
=== Grid Bot Cycle ===

{
  "timestamp": "2026-05-22T14:15:12.753Z",
  "cycle": 65,
  "balances": {
    "WMNT": 2.163243873608249,
    "USDT": 0.026989,
    "MNT": 2.345101274387542
  },
  "mntPrice": 0.667589,
  "portfolioUsd": 1.4711468143382571,
  "signal": "BUY_mETH",
  "reason": "Price at 13% of channel (BUY zone, support $2119.41). R:R = 0.62%/0.30% = 2.1:1",
  "confidence": 0.7336318458714897,
  "channel": {
    "support": 2119.41,
    "resistance": 2140.82,
    "position": 0.13
  },
  "executed": {
    "skipped": true,
    "reason": "USDT too low: $0.0216"
  }
}
=== Grid Bot Cycle ===

{
  "timestamp": "2026-05-22T14:20:03.404Z",
  "cycle": 66,
  "balances": {
    "WMNT": 2.163243873608249,
    "USDT": 0.026989,
    "MNT": 2.345101274387542
  },
  "mntPrice": 0.667589,
  "portfolioUsd": 1.4711468143382571,
  "signal": "BUY_mETH",
  "reason": "Price at 0% of channel (BUY zone, support $2118.7). R:R = 0.78%/0.31% = 2.5:1",
  "confidence": 0.8,
  "channel": {
    "support": 2118.7,
    "resistance": 2140.82,
    "position": 0
  },
  "executed": {
    "skipped": true,
    "reason": "USDT too low: $0.0216"
  }
}
=== Grid Bot Cycle ===

{
  "timestamp": "2026-05-22T14:25:03.209Z",
  "cycle": 67,
  "balances": {
    "WMNT": 2.163243873608249,
    "USDT": 0.026989,
    "MNT": 2.345101274387542
  },
  "mntPrice": 0.667589,
  "portfolioUsd": 1.4711468143382571,
  "signal": "BUY_mETH",
  "reason": "Price at 0% of channel (BUY zone, support $2117.67). R:R = 1.00%/0.40% = 2.5:1",
  "confidence": 0.8,
  "channel": {
    "support": 2117.67,
    "resistance": 2140.82,
    "position": 0
  },
  "executed": {
    "skipped": true,
    "reason": "USDT too low: $0.0216"
  }
}
=== Grid Bot Cycle ===

{
  "timestamp": "2026-05-22T14:30:04.595Z",
  "cycle": 68,
  "balances": {
    "WMNT": 2.163243873608249,
    "USDT": 0.026989,
    "MNT": 2.345101274387542
  },
  "mntPrice": 0.666543,
  "portfolioUsd": 1.4688840612464629,
  "signal": "BUY_mETH",
  "reason": "Price at 0% of channel (BUY zone, support $2117.67). R:R = 0.90%/0.36% = 2.5:1",
  "confidence": 0.8,
  "channel": {
    "support": 2117.67,
    "resistance": 2140.82,
    "position": 0
  },
  "executed": {
    "skipped": true,
    "reason": "USDT too low: $0.0216"
  }
}
=== Grid Bot Cycle ===

{
  "timestamp": "2026-05-22T14:35:10.825Z",
  "cycle": 69,
  "balances": {
    "WMNT": 2.163243873608249,
    "USDT": 0.026989,
    "MNT": 2.345101274387542
  },
  "mntPrice": 0.666543,
  "portfolioUsd": 1.4688840612464629,
  "signal": "BUY_mETH",
  "reason": "Price at 0% of channel (BUY zone, support $2117.67). R:R = 0.88%/0.35% = 2.5:1",
  "confidence": 0.8,
  "channel": {
    "support": 2117.67,
    "resistance": 2140.82,
    "position": 0
  },
  "executed": {
    "skipped": true,
    "reason": "USDT too low: $0.0216"
  }
}
=== Grid Bot Cycle ===

{
  "timestamp": "2026-05-22T14:40:05.128Z",
  "cycle": 70,
  "balances": {
    "WMNT": 2.163243873608249,
    "USDT": 0.026989,
    "MNT": 2.345101274387542
  },
  "mntPrice": 0.666543,
  "portfolioUsd": 1.4688840612464629,
  "signal": "BUY_mETH",
  "reason": "Price at 0% of channel (BUY zone, support $2117.67). R:R = 0.83%/0.33% = 2.5:1",
  "confidence": 0.8,
  "channel": {
    "support": 2117.67,
    "resistance": 2140.82,
    "position": 0
  },
  "executed": {
    "skipped": true,
    "reason": "USDT too low: $0.0216"
  }
}
=== Grid Bot Cycle ===

{
  "timestamp": "2026-05-22T14:45:05.501Z",
  "cycle": 71,
  "balances": {
    "WMNT": 2.163243873608249,
    "USDT": 0.026989,
    "MNT": 2.345101274387542
  },
  "mntPrice": 0.666543,
  "portfolioUsd": 1.4688840612464629,
  "signal": "BUY_mETH",
  "reason": "Price at 0% of channel (BUY zone, support $2117.67). R:R = 0.85%/0.34% = 2.5:1",
  "confidence": 0.8,
  "channel": {
    "support": 2117.67,
    "resistance": 2140.82,
    "position": 0
  },
  "executed": {
    "skipped": true,
    "reason": "USDT too low: $0.0216"
  }
}
=== Grid Bot Cycle ===

{
  "timestamp": "2026-05-22T14:50:09.240Z",
  "cycle": 72,
  "balances": {
    "WMNT": 2.163243873608249,
    "USDT": 0.026989,
    "MNT": 2.345101274387542
  },
  "mntPrice": 0.666543,
  "portfolioUsd": 1.4688840612464629,
  "signal": "BUY_mETH",
  "reason": "Price at 0% of channel (BUY zone, support $2117.67). R:R = 0.83%/0.33% = 2.5:1",
  "confidence": 0.8,
  "channel": {
    "support": 2117.67,
    "resistance": 2140.82,
    "position": 0
  },
  "executed": {
    "skipped": true,
    "reason": "USDT too low: $0.0216"
  }
}
=== Grid Bot Cycle ===

{
  "timestamp": "2026-05-22T14:55:11.855Z",
  "cycle": 73,
  "balances": {
    "WMNT": 2.163243873608249,
    "USDT": 0.026989,
    "MNT": 2.345101274387542
  },
  "mntPrice": 0.666543,
  "portfolioUsd": 1.4688840612464629,
  "signal": "BUY_mETH",
  "reason": "Price at 0% of channel (BUY zone, support $2117.67). R:R = 0.91%/0.36% = 2.5:1",
  "confidence": 0.8,
  "channel": {
    "support": 2117.67,
    "resistance": 2140.82,
    "position": 0
  },
  "executed": {
    "skipped": true,
    "reason": "USDT too low: $0.0216"
  }
}
=== Grid Bot Cycle ===

{
  "timestamp": "2026-05-22T15:00:11.818Z",
  "cycle": 74,
  "balances": {
    "WMNT": 2.163243873608249,
    "USDT": 0.026989,
    "MNT": 2.345101274387542
  },
  "mntPrice": 0.664322,
  "portfolioUsd": 1.464079496603179,
  "signal": "BUY_mETH",
  "reason": "Price at 0% of channel (BUY zone, support $2117.67). R:R = 0.93%/0.37% = 2.5:1",
  "confidence": 0.8,
  "channel": {
    "support": 2117.67,
    "resistance": 2140.82,
    "position": 0
  },
  "executed": {
    "skipped": true,
    "reason": "USDT too low: $0.0216"
  }
}
=== Grid Bot Cycle ===

{
  "timestamp": "2026-05-22T15:05:06.737Z",
  "cycle": 75,
  "balances": {
    "WMNT": 2.163243873608249,
    "USDT": 0.026989,
    "MNT": 2.345101274387542
  },
  "mntPrice": 0.664322,
  "portfolioUsd": 1.464079496603179,
  "signal": "BUY_mETH",
  "reason": "Price at 0% of channel (BUY zone, support $2117.71). R:R = 0.82%/0.33% = 2.5:1",
  "confidence": 0.8,
  "channel": {
    "support": 2117.71,
    "resistance": 2140.82,
    "position": 0
  },
  "executed": {
    "skipped": true,
    "reason": "USDT too low: $0.0216"
  }
}
=== Grid Bot Cycle ===

TypeError: Cannot read properties of undefined (reading '0')
    at LiveGridBot.getMntPrice (/root/turingvault/src/strategies/liveGridBot.js:108:36)
    at process.processTicksAndRejections (node:internal/process/task_queues:103:5)
    at async LiveGridBot.runCycle (/root/turingvault/src/strategies/liveGridBot.js:205:22)
    at async /root/turingvault/src/strategies/liveGridBot.js:309:22
=== Grid Bot Cycle ===

{
  "timestamp": "2026-05-22T15:15:08.726Z",
  "cycle": 76,
  "balances": {
    "WMNT": 2.163243873608249,
    "USDT": 0.026989,
    "MNT": 2.345101274387542
  },
  "mntPrice": 0.664322,
  "portfolioUsd": 1.464079496603179,
  "signal": "BUY_mETH",
  "reason": "Price at 0% of channel (BUY zone, support $2117.67). R:R = 0.89%/0.36% = 2.5:1",
  "confidence": 0.8,
  "channel": {
    "support": 2117.67,
    "resistance": 2140.82,
    "position": 0
  },
  "executed": {
    "skipped": true,
    "reason": "USDT too low: $0.0216"
  }
}
=== Grid Bot Cycle ===

{
  "timestamp": "2026-05-22T15:20:03.340Z",
  "cycle": 77,
  "balances": {
    "WMNT": 2.163243873608249,
    "USDT": 0.026989,
    "MNT": 2.345101274387542
  },
  "mntPrice": 0.664322,
  "portfolioUsd": 1.464079496603179,
  "signal": "BUY_mETH",
  "reason": "Price at 0% of channel (BUY zone, support $2117.9). R:R = 0.81%/0.32% = 2.5:1",
  "confidence": 0.7999693637532499,
  "channel": {
    "support": 2117.9,
    "resistance": 2140.82,
    "position": 0
  },
  "executed": {
    "skipped": true,
    "reason": "USDT too low: $0.0216"
  }
}
=== Grid Bot Cycle ===

{
  "timestamp": "2026-05-22T15:25:03.633Z",
  "cycle": 78,
  "balances": {
    "WMNT": 2.163243873608249,
    "USDT": 0.026989,
    "MNT": 2.345101274387542
  },
  "mntPrice": 0.663137,
  "portfolioUsd": 1.4615160526129531,
  "signal": "BUY_mETH",
  "reason": "Price at 0% of channel (BUY zone, support $2117.67). R:R = 0.92%/0.37% = 2.5:1",
  "confidence": 0.8,
  "channel": {
    "support": 2117.67,
    "resistance": 2140.82,
    "position": 0
  },
  "executed": {
    "skipped": true,
    "reason": "USDT too low: $0.0216"
  }
}
=== Grid Bot Cycle ===

{
  "timestamp": "2026-05-22T15:30:03.288Z",
  "cycle": 79,
  "balances": {
    "WMNT": 2.163243873608249,
    "USDT": 0.026989,
    "MNT": 2.345101274387542
  },
  "mntPrice": 0.663137,
  "portfolioUsd": 1.4615160526129531,
  "signal": "BUY_mETH",
  "reason": "Price at 0% of channel (BUY zone, support $2117.27). R:R = 0.83%/0.33% = 2.5:1",
  "confidence": 0.7999510921103647,
  "channel": {
    "support": 2117.27,
    "resistance": 2140.82,
    "position": 0
  },
  "executed": {
    "skipped": true,
    "reason": "USDT too low: $0.0216"
  }
}
=== Grid Bot Cycle ===

{
  "timestamp": "2026-05-22T15:35:09.271Z",
  "cycle": 80,
  "balances": {
    "WMNT": 2.163243873608249,
    "USDT": 0.026989,
    "MNT": 2.345101274387542
  },
  "mntPrice": 0.663137,
  "portfolioUsd": 1.4615160526129531,
  "signal": "BUY_mETH",
  "reason": "Price at 17% of channel (BUY zone, support $2117.67). R:R = 0.63%/0.30% = 2.1:1",
  "confidence": 0.7144197420890825,
  "channel": {
    "support": 2117.67,
    "resistance": 2140.82,
    "position": 0.17
  },
  "executed": {
    "skipped": true,
    "reason": "USDT too low: $0.0216"
  }
}
=== Grid Bot Cycle ===

{
  "timestamp": "2026-05-22T15:40:04.705Z",
  "cycle": 81,
  "balances": {
    "WMNT": 2.163243873608249,
    "USDT": 0.026989,
    "MNT": 2.345101274387542
  },
  "mntPrice": 0.663137,
  "portfolioUsd": 1.4615160526129531,
  "signal": "BUY_mETH",
  "reason": "Price at 3% of channel (BUY zone, support $2117.67). R:R = 0.78%/0.31% = 2.5:1",
  "confidence": 0.7839976056451147,
  "channel": {
    "support": 2117.67,
    "resistance": 2140.82,
    "position": 0.03
  },
  "executed": {
    "skipped": true,
    "reason": "USDT too low: $0.0216"
  }
}
=== Grid Bot Cycle ===

{
  "timestamp": "2026-05-22T15:45:07.127Z",
  "cycle": 82,
  "balances": {
    "WMNT": 2.163243873608249,
    "USDT": 0.026989,
    "MNT": 2.345101274387542
  },
  "mntPrice": 0.663137,
  "portfolioUsd": 1.4615160526129531,
  "signal": "BUY_mETH",
  "reason": "Price at 0% of channel (BUY zone, support $2115.62). R:R = 0.89%/0.36% = 2.5:1",
  "confidence": 0.8,
  "channel": {
    "support": 2115.62,
    "resistance": 2140.82,
    "position": 0
  },
  "executed": {
    "skipped": true,
    "reason": "USDT too low: $0.0216"
  }
}
=== Grid Bot Cycle ===

{
  "timestamp": "2026-05-22T15:50:07.458Z",
  "cycle": 83,
  "balances": {
    "WMNT": 2.163243873608249,
    "USDT": 0.026989,
    "MNT": 2.345101274387542
  },
  "mntPrice": 0.663137,
  "portfolioUsd": 1.4615160526129531,
  "signal": "BUY_mETH",
  "reason": "Price at 0% of channel (BUY zone, support $2115.7). R:R = 0.89%/0.36% = 2.5:1",
  "confidence": 0.7999934494380263,
  "channel": {
    "support": 2115.7,
    "resistance": 2140.82,
    "position": 0
  },
  "executed": {
    "skipped": true,
    "reason": "USDT too low: $0.0216"
  }
}
=== Grid Bot Cycle ===

{
  "timestamp": "2026-05-22T15:55:03.880Z",
  "cycle": 84,
  "balances": {
    "WMNT": 2.163243873608249,
    "USDT": 0.026989,
    "MNT": 2.345101274387542
  },
  "mntPrice": 0.663137,
  "portfolioUsd": 1.4615160526129531,
  "signal": "BUY_mETH",
  "reason": "Price at 0% of channel (BUY zone, support $2117.12). R:R = 0.84%/0.34% = 2.5:1",
  "confidence": 0.8,
  "channel": {
    "support": 2117.12,
    "resistance": 2140.82,
    "position": 0
  },
  "executed": {
    "skipped": true,
    "reason": "USDT too low: $0.0216"
  }
}
=== Grid Bot Cycle ===

{
  "timestamp": "2026-05-22T16:00:04.008Z",
  "cycle": 85,
  "balances": {
    "WMNT": 2.163243873608249,
    "USDT": 0.026989,
    "MNT": 2.345101274387542
  },
  "mntPrice": 0.663137,
  "portfolioUsd": 1.4615160526129531,
  "signal": "BUY_mETH",
  "reason": "Price at 1% of channel (BUY zone, support $2117.67). R:R = 0.80%/0.32% = 2.5:1",
  "confidence": 0.7930027650316824,
  "channel": {
    "support": 2117.67,
    "resistance": 2140.82,
    "position": 0.01
  },
  "executed": {
    "skipped": true,
    "reason": "USDT too low: $0.0216"
  }
}
=== Grid Bot Cycle ===

{
  "timestamp": "2026-05-22T16:05:03.991Z",
  "cycle": 86,
  "balances": {
    "WMNT": 2.163243873608249,
    "USDT": 0.026989,
    "MNT": 2.345101274387542
  },
  "mntPrice": 0.663137,
  "portfolioUsd": 1.4615160526129531,
  "signal": "BUY_mETH",
  "reason": "Price at 6% of channel (BUY zone, support $2117.67). R:R = 0.75%/0.30% = 2.5:1",
  "confidence": 0.7687070341045318,
  "channel": {
    "support": 2117.67,
    "resistance": 2140.82,
    "position": 0.06
  },
  "executed": {
    "skipped": true,
    "reason": "USDT too low: $0.0216"
  }
}
=== Grid Bot Cycle ===

{
  "timestamp": "2026-05-22T16:10:02.930Z",
  "cycle": 87,
  "balances": {
    "WMNT": 2.163243873608249,
    "USDT": 0.026989,
    "MNT": 2.345101274387542
  },
  "mntPrice": 0.663137,
  "portfolioUsd": 1.4615160526129531,
  "signal": "BUY_mETH",
  "reason": "Price at 0% of channel (BUY zone, support $2116.86). R:R = 0.85%/0.34% = 2.5:1",
  "confidence": 0.8,
  "channel": {
    "support": 2116.86,
    "resistance": 2140.82,
    "position": 0
  },
  "executed": {
    "skipped": true,
    "reason": "USDT too low: $0.0216"
  }
}
=== Grid Bot Cycle ===

{
  "timestamp": "2026-05-22T16:15:03.553Z",
  "cycle": 88,
  "balances": {
    "WMNT": 2.163243873608249,
    "USDT": 0.026989,
    "MNT": 2.345101274387542
  },
  "mntPrice": 0.663137,
  "portfolioUsd": 1.4615160526129531,
  "signal": "BUY_mETH",
  "reason": "Price at 0% of channel (BUY zone, support $2117.67). R:R = 0.82%/0.33% = 2.5:1",
  "confidence": 0.7984372268089559,
  "channel": {
    "support": 2117.67,
    "resistance": 2140.82,
    "position": 0
  },
  "executed": {
    "skipped": true,
    "reason": "USDT too low: $0.0216"
  }
}
=== Grid Bot Cycle ===

{
  "timestamp": "2026-05-22T16:20:03.074Z",
  "cycle": 89,
  "balances": {
    "WMNT": 2.163243873608249,
    "USDT": 0.026989,
    "MNT": 2.345101274387542
  },
  "mntPrice": 0.663137,
  "portfolioUsd": 1.4615160526129531,
  "signal": "BUY_mETH",
  "reason": "Price at 0% of channel (BUY zone, support $2117.01). R:R = 0.84%/0.34% = 2.5:1",
  "confidence": 0.8,
  "channel": {
    "support": 2117.01,
    "resistance": 2140.82,
    "position": 0
  },
  "executed": {
    "skipped": true,
    "reason": "USDT too low: $0.0216"
  }
}
=== Grid Bot Cycle ===

{
  "timestamp": "2026-05-22T16:25:03.118Z",
  "cycle": 90,
  "balances": {
    "WMNT": 2.163243873608249,
    "USDT": 0.026989,
    "MNT": 2.345101274387542
  },
  "mntPrice": 0.663137,
  "portfolioUsd": 1.4615160526129531,
  "signal": "BUY_mETH",
  "reason": "Price at 1% of channel (BUY zone, support $2117.67). R:R = 0.80%/0.32% = 2.5:1",
  "confidence": 0.792878799003753,
  "channel": {
    "support": 2117.67,
    "resistance": 2140.82,
    "position": 0.01
  },
  "executed": {
    "skipped": true,
    "reason": "USDT too low: $0.0216"
  }
}
=== Grid Bot Cycle ===

{
  "timestamp": "2026-05-22T16:30:03.920Z",
  "cycle": 91,
  "balances": {
    "WMNT": 2.163243873608249,
    "USDT": 0.026989,
    "MNT": 2.345101274387542
  },
  "mntPrice": 0.66605,
  "portfolioUsd": 1.4678175820167743,
  "signal": "BUY_mETH",
  "reason": "Price at 0% of channel (BUY zone, support $2117.61). R:R = 0.82%/0.33% = 2.5:1",
  "confidence": 0.7999392591977208,
  "channel": {
    "support": 2117.61,
    "resistance": 2140.82,
    "position": 0
  },
  "executed": {
    "skipped": true,
    "reason": "USDT too low: $0.0216"
  }
}
=== Grid Bot Cycle ===

{
  "timestamp": "2026-05-22T16:35:03.836Z",
  "cycle": 92,
  "balances": {
    "WMNT": 2.163243873608249,
    "USDT": 0.026989,
    "MNT": 2.345101274387542
  },
  "mntPrice": 0.66605,
  "portfolioUsd": 1.4678175820167743,
  "signal": "BUY_mETH",
  "reason": "Price at 5% of channel (BUY zone, support $2117.67). R:R = 0.77%/0.31% = 2.5:1",
  "confidence": 0.7762286213710083,
  "channel": {
    "support": 2117.67,
    "resistance": 2140.82,
    "position": 0.05
  },
  "executed": {
    "skipped": true,
    "reason": "USDT too low: $0.0216"
  }
}
=== Grid Bot Cycle ===

{
  "timestamp": "2026-05-22T16:40:05.434Z",
  "cycle": 93,
  "balances": {
    "WMNT": 2.163243873608249,
    "USDT": 0.026989,
    "MNT": 2.345101274387542
  },
  "mntPrice": 0.66605,
  "portfolioUsd": 1.4678175820167743,
  "signal": "BUY_mETH",
  "reason": "Price at 3% of channel (BUY zone, support $2117.67). R:R = 0.78%/0.31% = 2.5:1",
  "confidence": 0.7834665023554193,
  "channel": {
    "support": 2117.67,
    "resistance": 2140.82,
    "position": 0.03
  },
  "executed": {
    "skipped": true,
    "reason": "USDT too low: $0.0216"
  }
}
=== Grid Bot Cycle ===

{
  "timestamp": "2026-05-22T16:45:04.819Z",
  "cycle": 94,
  "balances": {
    "WMNT": 2.163243873608249,
    "USDT": 0.026989,
    "MNT": 2.345101274387542
  },
  "mntPrice": 0.66605,
  "portfolioUsd": 1.4678175820167743,
  "signal": "BUY_mETH",
  "reason": "Price at 1% of channel (BUY zone, support $2117.67). R:R = 0.81%/0.32% = 2.5:1",
  "confidence": 0.7964387870028611,
  "channel": {
    "support": 2117.67,
    "resistance": 2140.82,
    "position": 0.01
  },
  "executed": {
    "skipped": true,
    "reason": "USDT too low: $0.0216"
  }
}
=== Grid Bot Cycle ===

{
  "timestamp": "2026-05-22T16:50:03.580Z",
  "cycle": 95,
  "balances": {
    "WMNT": 2.163243873608249,
    "USDT": 0.026989,
    "MNT": 2.345101274387542
  },
  "mntPrice": 0.66605,
  "portfolioUsd": 1.4678175820167743,
  "signal": "BUY_mETH",
  "reason": "Price at 7% of channel (BUY zone, support $2117.67). R:R = 0.75%/0.30% = 2.5:1",
  "confidence": 0.7667349242487256,
  "channel": {
    "support": 2117.67,
    "resistance": 2140.82,
    "position": 0.07
  },
  "executed": {
    "skipped": true,
    "reason": "USDT too low: $0.0216"
  }
}
=== Grid Bot Cycle ===

{
  "timestamp": "2026-05-22T16:55:06.031Z",
  "cycle": 96,
  "balances": {
    "WMNT": 2.163243873608249,
    "USDT": 0.026989,
    "MNT": 2.345101274387542
  },
  "mntPrice": 0.66605,
  "portfolioUsd": 1.4678175820167743,
  "signal": "BUY_mETH",
  "reason": "Price at 14% of channel (BUY zone, support $2117.67). R:R = 0.67%/0.30% = 2.2:1",
  "confidence": 0.7312629401921928,
  "channel": {
    "support": 2117.67,
    "resistance": 2140.82,
    "position": 0.14
  },
  "executed": {
    "skipped": true,
    "reason": "USDT too low: $0.0216"
  }
}
=== Grid Bot Cycle ===

{
  "timestamp": "2026-05-22T17:00:03.266Z",
  "cycle": 97,
  "balances": {
    "WMNT": 2.163243873608249,
    "USDT": 0.026989,
    "MNT": 2.112403088790382
  },
  "mntPrice": 0.66145,
  "portfolioUsd": 1.457866660198176,
  "signal": "BUY_mETH",
  "reason": "Price at 12% of channel (BUY zone, support $2117.67). R:R = 0.69%/0.30% = 2.3:1",
  "confidence": 0.7401591028863532,
  "channel": {
    "support": 2117.67,
    "resistance": 2140.82,
    "position": 0.12
  },
  "executed": {
    "skipped": true,
    "reason": "USDT too low: $0.0216"
  }
}
=== Grid Bot Cycle ===

{
  "timestamp": "2026-05-22T17:05:03.819Z",
  "cycle": 98,
  "balances": {
    "WMNT": 2.163243873608249,
    "USDT": 0.026989,
    "MNT": 2.0838883945645335
  },
  "mntPrice": 0.66145,
  "portfolioUsd": 1.457866660198176,
  "signal": "BUY_mETH",
  "reason": "Price at 19% of channel (BUY zone, support $2117.67). R:R = 0.61%/0.30% = 2.0:1",
  "confidence": 0.7041065038728525,
  "channel": {
    "support": 2117.67,
    "resistance": 2140.82,
    "position": 0.19
  },
  "executed": {
    "skipped": true,
    "reason": "USDT too low: $0.0216"
  }
}
=== Grid Bot Cycle ===

{
  "timestamp": "2026-05-22T17:10:07.487Z",
  "cycle": 99,
  "balances": {
    "WMNT": 2.163243873608249,
    "USDT": 0.026989,
    "MNT": 2.0838883945645335
  },
  "mntPrice": 0.66145,
  "portfolioUsd": 1.457866660198176,
  "signal": "BUY_mETH",
  "reason": "Price at 22% of channel (BUY zone, support $2117.67). R:R = 0.58%/0.30% = 1.9:1",
  "confidence": 0.6903415144423082,
  "channel": {
    "support": 2117.67,
    "resistance": 2140.82,
    "position": 0.22
  },
  "executed": {
    "skipped": true,
    "reason": "USDT too low: $0.0216"
  }
}
=== Grid Bot Cycle ===

{
  "timestamp": "2026-05-22T17:15:03.337Z",
  "cycle": 100,
  "balances": {
    "WMNT": 2.163243873608249,
    "USDT": 0.026989,
    "MNT": 2.0838883945645335
  },
  "mntPrice": 0.66145,
  "portfolioUsd": 1.457866660198176,
  "signal": "BUY_mETH",
  "reason": "Price at 22% of channel (BUY zone, support $2117.67). R:R = 0.58%/0.30% = 1.9:1",
  "confidence": 0.6923846007367802,
  "channel": {
    "support": 2117.67,
    "resistance": 2140.82,
    "position": 0.22
  },
  "executed": {
    "skipped": true,
    "reason": "USDT too low: $0.0216"
  }
}
=== Grid Bot Cycle ===

{
  "timestamp": "2026-05-22T17:20:02.902Z",
  "cycle": 101,
  "balances": {
    "WMNT": 2.163243873608249,
    "USDT": 0.026989,
    "MNT": 2.010378317189354
  },
  "mntPrice": 0.66145,
  "portfolioUsd": 1.457866660198176,
  "signal": "BUY_mETH",
  "reason": "Price at 20% of channel (BUY zone, support $2117.67). R:R = 0.60%/0.30% = 2.0:1",
  "confidence": 0.7001844812249624,
  "channel": {
    "support": 2117.67,
    "resistance": 2140.82,
    "position": 0.2
  },
  "executed": {
    "skipped": true,
    "reason": "USDT too low: $0.0216"
  }
}
